# JRE version: OpenJDK Runtime Environment Temurin-21.0.9+10 (21.0.9+10) (build 21.0.9+10-LTS)
# Java VM: OpenJDK 64-Bit Server VM Temurin-21.0.9+10 (21.0.9+10-LTS, mixed mode, sharing, tiered, compressed oops, compressed class ptrs, parallel gc, windows-amd64)
GC Precious Log:
 CardTable entry size: 512
 CPUs: 8 total, 8 available
 Memory: 16122M
 Large Page Support: Disabled
 NUMA Support: Disabled
 Compressed Oops: Enabled (32-bit)
 Alignments: Space 512K, Generation 512K, Heap 2M
 Heap Min Capacity: 100M
 Heap Initial Capacity: 100M
 Heap Max Capacity: 2G
 Pre-touch: Disabled
 Parallel Workers: 8
Heap:
 PSYoungGen      total 20480K, used 7518K [0x00000000d5580000, 0x00000000d6a80000, 0x0000000100000000)
  eden space 19456K, 34% used [0x00000000d5580000,0x00000000d5c1f818,0x00000000d6880000)
  from space 1024K, 71% used [0x00000000d6880000,0x00000000d6938000,0x00000000d6980000)
  to   space 1024K, 0% used [0x00000000d6980000,0x00000000d6980000,0x00000000d6a80000)
 ParOldGen       total 68608K, used 39308K [0x0000000080000000, 0x0000000084300000, 0x00000000d5580000)
  object space 68608K, 57% used [0x0000000080000000,0x00000000826632e0,0x0000000084300000)
 Metaspace       used 62181K, committed 63488K, reserved 1114112K
  class space    used 7837K, committed 8384K, reserved 1048576K
GC Heap History (20 events):
Event: 20.543 GC heap before
{Heap before GC invocations=37 (full 3):
 PSYoungGen      total 20480K, used 19616K [0x00000000d5580000, 0x00000000d6b00000, 0x0000000100000000)
  eden space 19456K, 100% used [0x00000000d5580000,0x00000000d6880000,0x00000000d6880000)
  from space 1024K, 15% used [0x00000000d6900000,0x00000000d6928000,0x00000000d6a00000)
  to   space 512K, 0% used [0x00000000d6a80000,0x00000000d6a80000,0x00000000d6b00000)
 ParOldGen       total 68608K, used 37215K [0x0000000080000000, 0x0000000084300000, 0x00000000d5580000)
  object space 68608K, 54% used [0x0000000080000000,0x0000000082457e48,0x0000000084300000)
 Metaspace       used 59974K, committed 61248K, reserved 1114112K
  class space    used 7572K, committed 8128K, reserved 1048576K
}
Event: 20.544 GC heap after
{Heap after GC invocations=37 (full 3):
 PSYoungGen      total 19968K, used 509K [0x00000000d5580000, 0x00000000d6b80000, 0x0000000100000000)
  eden space 19456K, 0% used [0x00000000d5580000,0x00000000d5580000,0x00000000d6880000)
  from space 512K, 99% used [0x00000000d6a80000,0x00000000d6aff628,0x00000000d6b00000)
  to   space 1536K, 0% used [0x00000000d6880000,0x00000000d6880000,0x00000000d6a00000)
 ParOldGen       total 68608K, used 37856K [0x0000000080000000, 0x0000000084300000, 0x00000000d5580000)
  object space 68608K, 55% used [0x0000000080000000,0x00000000824f80e8,0x0000000084300000)
 Metaspace       used 59974K, committed 61248K, reserved 1114112K
  class space    used 7572K, committed 8128K, reserved 1048576K
}
Event: 20.812 GC heap before
{Heap before GC invocations=38 (full 3):
 PSYoungGen      total 19968K, used 19965K [0x00000000d5580000, 0x00000000d6b80000, 0x0000000100000000)
  eden space 19456K, 100% used [0x00000000d5580000,0x00000000d6880000,0x00000000d6880000)
  from space 512K, 99% used [0x00000000d6a80000,0x00000000d6aff628,0x00000000d6b00000)
  to   space 1536K, 0% used [0x00000000d6880000,0x00000000d6880000,0x00000000d6a00000)
 ParOldGen       total 68608K, used 37856K [0x0000000080000000, 0x0000000084300000, 0x00000000d5580000)
  object space 68608K, 55% used [0x0000000080000000,0x00000000824f80e8,0x0000000084300000)
 Metaspace       used 59974K, committed 61248K, reserved 1114112K
  class space    used 7572K, committed 8128K, reserved 1048576K
}
Event: 20.813 GC heap after
{Heap after GC invocations=38 (full 3):
 PSYoungGen      total 20992K, used 800K [0x00000000d5580000, 0x00000000d6b00000, 0x0000000100000000)
  eden space 19456K, 0% used [0x00000000d5580000,0x00000000d5580000,0x00000000d6880000)
  from space 1536K, 52% used [0x00000000d6880000,0x00000000d6948248,0x00000000d6a00000)
  to   space 1024K, 0% used [0x00000000d6a00000,0x00000000d6a00000,0x00000000d6b00000)
 ParOldGen       total 68608K, used 37925K [0x0000000080000000, 0x0000000084300000, 0x00000000d5580000)
  object space 68608K, 55% used [0x0000000080000000,0x0000000082509490,0x0000000084300000)
 Metaspace       used 59974K, committed 61248K, reserved 1114112K
  class space    used 7572K, committed 8128K, reserved 1048576K
}
Event: 21.108 GC heap before
{Heap before GC invocations=39 (full 3):
 PSYoungGen      total 20992K, used 20256K [0x00000000d5580000, 0x00000000d6b00000, 0x0000000100000000)
  eden space 19456K, 100% used [0x00000000d5580000,0x00000000d6880000,0x00000000d6880000)
  from space 1536K, 52% used [0x00000000d6880000,0x00000000d6948248,0x00000000d6a00000)
  to   space 1024K, 0% used [0x00000000d6a00000,0x00000000d6a00000,0x00000000d6b00000)
 ParOldGen       total 68608K, used 37925K [0x0000000080000000, 0x0000000084300000, 0x00000000d5580000)
  object space 68608K, 55% used [0x0000000080000000,0x0000000082509490,0x0000000084300000)
 Metaspace       used 59974K, committed 61248K, reserved 1114112K
  class space    used 7572K, committed 8128K, reserved 1048576K
}
Event: 21.108 GC heap after
{Heap after GC invocations=39 (full 3):
 PSYoungGen      total 19968K, used 245K [0x00000000d5580000, 0x00000000d6a80000, 0x0000000100000000)
  eden space 19456K, 0% used [0x00000000d5580000,0x00000000d5580000,0x00000000d6880000)
  from space 512K, 47% used [0x00000000d6a00000,0x00000000d6a3d4b8,0x00000000d6a80000)
  to   space 512K, 0% used [0x00000000d6980000,0x00000000d6980000,0x00000000d6a00000)
 ParOldGen       total 68608K, used 37997K [0x0000000080000000, 0x0000000084300000, 0x00000000d5580000)
  object space 68608K, 55% used [0x0000000080000000,0x000000008251b490,0x0000000084300000)
 Metaspace       used 59974K, committed 61248K, reserved 1114112K
  class space    used 7572K, committed 8128K, reserved 1048576K
}
Event: 21.341 GC heap before
{Heap before GC invocations=40 (full 3):
 PSYoungGen      total 19968K, used 19701K [0x00000000d5580000, 0x00000000d6a80000, 0x0000000100000000)
  eden space 19456K, 100% used [0x00000000d5580000,0x00000000d6880000,0x00000000d6880000)
  from space 512K, 47% used [0x00000000d6a00000,0x00000000d6a3d4b8,0x00000000d6a80000)
  to   space 512K, 0% used [0x00000000d6980000,0x00000000d6980000,0x00000000d6a00000)
 ParOldGen       total 68608K, used 37997K [0x0000000080000000, 0x0000000084300000, 0x00000000d5580000)
  object space 68608K, 55% used [0x0000000080000000,0x000000008251b490,0x0000000084300000)
 Metaspace       used 59975K, committed 61248K, reserved 1114112K
  class space    used 7572K, committed 8128K, reserved 1048576K
}
Event: 21.341 GC heap after
{Heap after GC invocations=40 (full 3):
 PSYoungGen      total 19968K, used 493K [0x00000000d5580000, 0x00000000d6a80000, 0x0000000100000000)
  eden space 19456K, 0% used [0x00000000d5580000,0x00000000d5580000,0x00000000d6880000)
  from space 512K, 96% used [0x00000000d6980000,0x00000000d69fb658,0x00000000d6a00000)
  to   space 512K, 0% used [0x00000000d6a00000,0x00000000d6a00000,0x00000000d6a80000)
 ParOldGen       total 68608K, used 38276K [0x0000000080000000, 0x0000000084300000, 0x00000000d5580000)
  object space 68608K, 55% used [0x0000000080000000,0x00000000825610a8,0x0000000084300000)
 Metaspace       used 59975K, committed 61248K, reserved 1114112K
  class space    used 7572K, committed 8128K, reserved 1048576K
}
Event: 21.645 GC heap before
{Heap before GC invocations=41 (full 3):
 PSYoungGen      total 19968K, used 19949K [0x00000000d5580000, 0x00000000d6a80000, 0x0000000100000000)
  eden space 19456K, 100% used [0x00000000d5580000,0x00000000d6880000,0x00000000d6880000)
  from space 512K, 96% used [0x00000000d6980000,0x00000000d69fb658,0x00000000d6a00000)
  to   space 512K, 0% used [0x00000000d6a00000,0x00000000d6a00000,0x00000000d6a80000)
 ParOldGen       total 68608K, used 38276K [0x0000000080000000, 0x0000000084300000, 0x00000000d5580000)
  object space 68608K, 55% used [0x0000000080000000,0x00000000825610a8,0x0000000084300000)
 Metaspace       used 59975K, committed 61248K, reserved 1114112K
  class space    used 7572K, committed 8128K, reserved 1048576K
}
Event: 21.645 GC heap after
{Heap after GC invocations=41 (full 3):
 PSYoungGen      total 19968K, used 504K [0x00000000d5580000, 0x00000000d6a80000, 0x0000000100000000)
  eden space 19456K, 0% used [0x00000000d5580000,0x00000000d5580000,0x00000000d6880000)
  from space 512K, 98% used [0x00000000d6a00000,0x00000000d6a7e100,0x00000000d6a80000)
  to   space 1024K, 0% used [0x00000000d6880000,0x00000000d6880000,0x00000000d6980000)
 ParOldGen       total 68608K, used 38551K [0x0000000080000000, 0x0000000084300000, 0x00000000d5580000)
  object space 68608K, 56% used [0x0000000080000000,0x00000000825a5d58,0x0000000084300000)
 Metaspace       used 59975K, committed 61248K, reserved 1114112K
  class space    used 7572K, committed 8128K, reserved 1048576K
}
Event: 21.808 GC heap before
{Heap before GC invocations=42 (full 3):
 PSYoungGen      total 19968K, used 19960K [0x00000000d5580000, 0x00000000d6a80000, 0x0000000100000000)
  eden space 19456K, 100% used [0x00000000d5580000,0x00000000d6880000,0x00000000d6880000)
  from space 512K, 98% used [0x00000000d6a00000,0x00000000d6a7e100,0x00000000d6a80000)
  to   space 1024K, 0% used [0x00000000d6880000,0x00000000d6880000,0x00000000d6980000)
 ParOldGen       total 68608K, used 38551K [0x0000000080000000, 0x0000000084300000, 0x00000000d5580000)
  object space 68608K, 56% used [0x0000000080000000,0x00000000825a5d58,0x0000000084300000)
 Metaspace       used 59976K, committed 61248K, reserved 1114112K
  class space    used 7572K, committed 8128K, reserved 1048576K
}
Event: 21.808 GC heap after
{Heap after GC invocations=42 (full 3):
 PSYoungGen      total 20480K, used 234K [0x00000000d5580000, 0x00000000d6a80000, 0x0000000100000000)
  eden space 19456K, 0% used [0x00000000d5580000,0x00000000d5580000,0x00000000d6880000)
  from space 1024K, 22% used [0x00000000d6880000,0x00000000d68ba9a0,0x00000000d6980000)
  to   space 512K, 0% used [0x00000000d6a00000,0x00000000d6a00000,0x00000000d6a80000)
 ParOldGen       total 68608K, used 38599K [0x0000000080000000, 0x0000000084300000, 0x00000000d5580000)
  object space 68608K, 56% used [0x0000000080000000,0x00000000825b1d68,0x0000000084300000)
 Metaspace       used 59976K, committed 61248K, reserved 1114112K
  class space    used 7572K, committed 8128K, reserved 1048576K
}
Event: 21.957 GC heap before
{Heap before GC invocations=43 (full 3):
 PSYoungGen      total 20480K, used 19690K [0x00000000d5580000, 0x00000000d6a80000, 0x0000000100000000)
  eden space 19456K, 100% used [0x00000000d5580000,0x00000000d6880000,0x00000000d6880000)
  from space 1024K, 22% used [0x00000000d6880000,0x00000000d68ba9a0,0x00000000d6980000)
  to   space 512K, 0% used [0x00000000d6a00000,0x00000000d6a00000,0x00000000d6a80000)
 ParOldGen       total 68608K, used 38599K [0x0000000080000000, 0x0000000084300000, 0x00000000d5580000)
  object space 68608K, 56% used [0x0000000080000000,0x00000000825b1d68,0x0000000084300000)
 Metaspace       used 59982K, committed 61248K, reserved 1114112K
  class space    used 7572K, committed 8128K, reserved 1048576K
}
Event: 21.960 GC heap after
{Heap after GC invocations=43 (full 3):
 PSYoungGen      total 19968K, used 494K [0x00000000d5580000, 0x00000000d6b80000, 0x0000000100000000)
  eden space 19456K, 0% used [0x00000000d5580000,0x00000000d5580000,0x00000000d6880000)
  from space 512K, 96% used [0x00000000d6a00000,0x00000000d6a7bb68,0x00000000d6a80000)
  to   space 1536K, 0% used [0x00000000d6880000,0x00000000d6880000,0x00000000d6a00000)
 ParOldGen       total 68608K, used 39020K [0x0000000080000000, 0x0000000084300000, 0x00000000d5580000)
  object space 68608K, 56% used [0x0000000080000000,0x000000008261b2d0,0x0000000084300000)
 Metaspace       used 59982K, committed 61248K, reserved 1114112K
  class space    used 7572K, committed 8128K, reserved 1048576K
}
Event: 22.125 GC heap before
{Heap before GC invocations=44 (full 3):
 PSYoungGen      total 19968K, used 19950K [0x00000000d5580000, 0x00000000d6b80000, 0x0000000100000000)
  eden space 19456K, 100% used [0x00000000d5580000,0x00000000d6880000,0x00000000d6880000)
  from space 512K, 96% used [0x00000000d6a00000,0x00000000d6a7bb68,0x00000000d6a80000)
  to   space 1536K, 0% used [0x00000000d6880000,0x00000000d6880000,0x00000000d6a00000)
 ParOldGen       total 68608K, used 39020K [0x0000000080000000, 0x0000000084300000, 0x00000000d5580000)
  object space 68608K, 56% used [0x0000000080000000,0x000000008261b2d0,0x0000000084300000)
 Metaspace       used 59982K, committed 61248K, reserved 1114112K
  class space    used 7572K, committed 8128K, reserved 1048576K
}
Event: 22.126 GC heap after
{Heap after GC invocations=44 (full 3):
 PSYoungGen      total 20992K, used 1057K [0x00000000d5580000, 0x00000000d6b80000, 0x0000000100000000)
  eden space 19456K, 0% used [0x00000000d5580000,0x00000000d5580000,0x00000000d6880000)
  from space 1536K, 68% used [0x00000000d6880000,0x00000000d6988530,0x00000000d6a00000)
  to   space 1536K, 0% used [0x00000000d6a00000,0x00000000d6a00000,0x00000000d6b80000)
 ParOldGen       total 68608K, used 39092K [0x0000000080000000, 0x0000000084300000, 0x00000000d5580000)
  object space 68608K, 56% used [0x0000000080000000,0x000000008262d2e0,0x0000000084300000)
 Metaspace       used 59982K, committed 61248K, reserved 1114112K
  class space    used 7572K, committed 8128K, reserved 1048576K
}
Event: 22.347 GC heap before
{Heap before GC invocations=45 (full 3):
 PSYoungGen      total 20992K, used 20513K [0x00000000d5580000, 0x00000000d6b80000, 0x0000000100000000)
  eden space 19456K, 100% used [0x00000000d5580000,0x00000000d6880000,0x00000000d6880000)
  from space 1536K, 68% used [0x00000000d6880000,0x00000000d6988530,0x00000000d6a00000)
  to   space 1536K, 0% used [0x00000000d6a00000,0x00000000d6a00000,0x00000000d6b80000)
 ParOldGen       total 68608K, used 39092K [0x0000000080000000, 0x0000000084300000, 0x00000000d5580000)
  object space 68608K, 56% used [0x0000000080000000,0x000000008262d2e0,0x0000000084300000)
 Metaspace       used 60514K, committed 61824K, reserved 1114112K
  class space    used 7661K, committed 8192K, reserved 1048576K
}
Event: 22.348 GC heap after
{Heap after GC invocations=45 (full 3):
 PSYoungGen      total 19968K, used 256K [0x00000000d5580000, 0x00000000d6a80000, 0x0000000100000000)
  eden space 19456K, 0% used [0x00000000d5580000,0x00000000d5580000,0x00000000d6880000)
  from space 512K, 50% used [0x00000000d6a00000,0x00000000d6a40000,0x00000000d6a80000)
  to   space 1024K, 0% used [0x00000000d6880000,0x00000000d6880000,0x00000000d6980000)
 ParOldGen       total 68608K, used 39148K [0x0000000080000000, 0x0000000084300000, 0x00000000d5580000)
  object space 68608K, 57% used [0x0000000080000000,0x000000008263b2e0,0x0000000084300000)
 Metaspace       used 60514K, committed 61824K, reserved 1114112K
  class space    used 7661K, committed 8192K, reserved 1048576K
}
Event: 29.750 GC heap before
{Heap before GC invocations=46 (full 3):
 PSYoungGen      total 19968K, used 19712K [0x00000000d5580000, 0x00000000d6a80000, 0x0000000100000000)
  eden space 19456K, 100% used [0x00000000d5580000,0x00000000d6880000,0x00000000d6880000)
  from space 512K, 50% used [0x00000000d6a00000,0x00000000d6a40000,0x00000000d6a80000)
  to   space 1024K, 0% used [0x00000000d6880000,0x00000000d6880000,0x00000000d6980000)
 ParOldGen       total 68608K, used 39148K [0x0000000080000000, 0x0000000084300000, 0x00000000d5580000)
  object space 68608K, 57% used [0x0000000080000000,0x000000008263b2e0,0x0000000084300000)
 Metaspace       used 61863K, committed 63232K, reserved 1114112K
  class space    used 7818K, committed 8384K, reserved 1048576K
}
Event: 29.752 GC heap after
{Heap after GC invocations=46 (full 3):
 PSYoungGen      total 20480K, used 736K [0x00000000d5580000, 0x00000000d6a80000, 0x0000000100000000)
  eden space 19456K, 0% used [0x00000000d5580000,0x00000000d5580000,0x00000000d6880000)
  from space 1024K, 71% used [0x00000000d6880000,0x00000000d6938000,0x00000000d6980000)
  to   space 1024K, 0% used [0x00000000d6980000,0x00000000d6980000,0x00000000d6a80000)
 ParOldGen       total 68608K, used 39308K [0x0000000080000000, 0x0000000084300000, 0x00000000d5580000)
  object space 68608K, 57% used [0x0000000080000000,0x00000000826632e0,0x0000000084300000)
 Metaspace       used 61863K, committed 63232K, reserved 1114112K
  class space    used 7818K, committed 8384K, reserved 1048576K
}

